[2025-12-06T22:28:12.092Z] LOGIN FAIL: JmejiasMa
[2025-12-06T22:28:51.864Z] LOGIN FAIL: JmejiasMa
[2025-12-06T22:29:44.931Z] LOGIN FAIL: JmejiasMa
[2025-12-06T22:31:12.684Z] LOGIN FAIL: JmejiasMa
[2025-12-06T22:31:19.362Z] LOGIN FAIL: JmejiasMa
[2025-12-06T22:31:21.721Z] LOGIN FAIL: JmejiasMa
[2025-12-06T22:33:00.902Z] LOGIN OK: JmejiasMa
[2025-12-06T22:33:23.711Z] LOGIN OK: JmejiasMa
<<<<<<< Updated upstream
=======
[2025-12-06T22:45:31.624Z] LOGIN OK: admin
[2025-12-06T22:50:54.333Z] LOGIN OK: holly
[2025-12-06T22:54:33.765Z] LOGIN OK: holly
[2025-12-06T22:59:40.407Z] LOGIN OK: holly
[2025-12-06T23:00:25.785Z] LOGIN OK: holly
[2025-12-06T23:14:29.808Z] LOGIN OK: holly
[2025-12-06T23:21:10.561Z] LOGIN OK: holly
[2025-12-06T23:23:27.106Z] LOGIN OK: holly
[2025-12-06T23:24:57.744Z] LOGIN OK: holly
[2025-12-06T23:28:27.753Z] LOGIN OK: admin
[2025-12-06T23:30:13.814Z] LOGIN OK: matias
[2025-12-06T23:34:50.401Z] LOGIN OK: matias
>>>>>>> Stashed changes
